<?xml version="1.0" encoding="UTF-8"?>
<!-- Generated by org.testng.reporters.JUnitReportReporter -->
<testsuite skipped="0" hostname="DESKTOP-TF80URS" name="extent_Report.ExtentReportDemo" tests="1" failures="0" timestamp="22 Mar 2020 14:52:49 GMT" time="2.371" errors="0">
  <testcase name="loginTest" time="2.371" classname="extent_Report.ExtentReportDemo"/>
</testsuite> <!-- extent_Report.ExtentReportDemo -->
