<?xml version="1.0" encoding="UTF-8"?>
<!-- Generated by org.testng.reporters.JUnitReportReporter -->
<testsuite skipped="0" hostname="DESKTOP-TF80URS" name="test1.Number1" tests="3" failures="0" timestamp="08 Oct 2019 04:00:08 GMT" time="16.623" errors="0">
  <testcase name="operations1" time="0.543" classname="test1.Number1"/>
  <testcase name="operation2" time="0.142" classname="test1.Number1"/>
  <testcase name="operation3" time="15.938" classname="test1.Number1"/>
</testsuite> <!-- test1.Number1 -->
