<?xml version="1.0" encoding="UTF-8"?>
<!-- Generated by org.testng.reporters.JUnitReportReporter -->
<testsuite skipped="0" hostname="DESKTOP-TF80URS" name="test1.ReadingExcel" tests="1" failures="0" timestamp="18 Oct 2019 13:37:21 GMT" time="0.928" errors="0">
  <testcase name="test" time="0.928" classname="test1.ReadingExcel"/>
</testsuite> <!-- test1.ReadingExcel -->
